14/09/24 00:40:00 - DEBUG - urllib3.connectionpool - [_new_conn]: Starting new HTTPS connection (1): raw.githubusercontent.com:443
14/09/24 00:40:01 - DEBUG - urllib3.connectionpool - [_make_request]: https://raw.githubusercontent.com:443 "GET /rdavydov/Twitch-Channel-Points-Miner-v2/master/TwitchChannelPointsMiner/__init__.py HTTP/1.1" 200 125
14/09/24 00:40:01 - INFO - TwitchChannelPointsMiner.TwitchChannelPointsMiner - [__init__]: Twitch Channel Points Miner v2-1.9.7 (fork by rdavydov)
14/09/24 00:40:01 - INFO - TwitchChannelPointsMiner.TwitchChannelPointsMiner - [__init__]: https://github.com/rdavydov/Twitch-Channel-Points-Miner-v2
14/09/24 00:40:01 - INFO - TwitchChannelPointsMiner.classes.AnalyticsServer - [run]: Analytics running on http://127.0.0.1:5000/
14/09/24 00:40:01 - INFO - TwitchChannelPointsMiner.TwitchChannelPointsMiner - [run]: Start session: '5d15be9e-e0ca-4ecf-a633-87dc378a7047'
14/09/24 00:40:01 - INFO - TwitchChannelPointsMiner.classes.TwitchLogin - [login_flow]: You'll have to login to Twitch!
14/09/24 00:40:01 - INFO - TwitchChannelPointsMiner.classes.TwitchLogin - [login_flow]: Trying the TV login method..
14/09/24 00:40:01 - DEBUG - urllib3.connectionpool - [_new_conn]: Starting new HTTPS connection (1): id.twitch.tv:443
14/09/24 00:40:02 - DEBUG - urllib3.connectionpool - [_make_request]: https://id.twitch.tv:443 "POST /oauth2/device HTTP/1.1" 200 164
14/09/24 00:40:02 - INFO - TwitchChannelPointsMiner.classes.TwitchLogin - [login_flow]: Open https://www.twitch.tv/activate
14/09/24 00:40:02 - INFO - TwitchChannelPointsMiner.classes.TwitchLogin - [login_flow]: and enter this code: RNJPKWVX
14/09/24 00:40:02 - INFO - TwitchChannelPointsMiner.classes.TwitchLogin - [login_flow]: Hurry up! It will expire in 30 minutes!
14/09/24 00:40:07 - DEBUG - urllib3.connectionpool - [_make_request]: https://id.twitch.tv:443 "POST /oauth2/token HTTP/1.1" 400 49
14/09/24 00:40:12 - DEBUG - urllib3.connectionpool - [_make_request]: https://id.twitch.tv:443 "POST /oauth2/token HTTP/1.1" 400 49
14/09/24 00:40:17 - DEBUG - urllib3.connectionpool - [_make_request]: https://id.twitch.tv:443 "POST /oauth2/token HTTP/1.1" 200 248
14/09/24 00:40:17 - DEBUG - urllib3.connectionpool - [_new_conn]: Starting new HTTPS connection (1): gql.twitch.tv:443
14/09/24 00:40:18 - DEBUG - urllib3.connectionpool - [_make_request]: https://gql.twitch.tv:443 "POST /gql HTTP/1.1" 200 169
14/09/24 00:40:18 - INFO - TwitchChannelPointsMiner.classes.TwitchLogin - [save_cookies]: Saving cookies to your computer..
14/09/24 00:40:18 - INFO - TwitchChannelPointsMiner.TwitchChannelPointsMiner - [run]: Loading data for 1 streamers. Please wait...
14/09/24 00:40:18 - DEBUG - urllib3.connectionpool - [_new_conn]: Starting new HTTPS connection (1): www.twitch.tv:443
14/09/24 00:40:18 - DEBUG - urllib3.connectionpool - [_make_request]: https://www.twitch.tv:443 "GET / HTTP/1.1" 200 None
14/09/24 00:40:18 - DEBUG - TwitchChannelPointsMiner.classes.Twitch - [update_client_version]: Client version: 8a08974d-076e-4d2e-9031-34ef2bb2e551
14/09/24 00:40:18 - DEBUG - urllib3.connectionpool - [_new_conn]: Starting new HTTPS connection (1): gql.twitch.tv:443
14/09/24 00:40:19 - DEBUG - urllib3.connectionpool - [_make_request]: https://gql.twitch.tv:443 "POST /gql HTTP/1.1" 200 169
14/09/24 00:40:19 - DEBUG - TwitchChannelPointsMiner.classes.Twitch - [post_gql_request]: Data: {'operationName': 'ReportMenuItem', 'extensions': {'persistedQuery': {'version': 1, 'sha256Hash': '8f3628981255345ca5e5453dfd844efffb01d6413a9931498836e6268692a30c'}}, 'variables': {'channelLogin': 'tododia1sso'}}, Status code: 200, Content: {"data":{"requestInfo":{"countryCode":"BR","__typename":"RequestInfo"},"user":{"id":"951925569","stream":null,"__typename":"User"}},"extensions":{"durationMilliseconds":48,"operationName":"ReportMenuItem","requestID":"01J7Q9W1SF82SF27YJ2QVR4JWH"}}
14/09/24 00:40:19 - DEBUG - urllib3.connectionpool - [_new_conn]: Starting new HTTPS connection (1): www.twitch.tv:443
14/09/24 00:40:19 - DEBUG - urllib3.connectionpool - [_make_request]: https://www.twitch.tv:443 "GET / HTTP/1.1" 200 None
14/09/24 00:40:19 - DEBUG - TwitchChannelPointsMiner.classes.Twitch - [update_client_version]: Client version: 8a08974d-076e-4d2e-9031-34ef2bb2e551
14/09/24 00:40:19 - DEBUG - urllib3.connectionpool - [_new_conn]: Starting new HTTPS connection (1): gql.twitch.tv:443
14/09/24 00:40:20 - DEBUG - urllib3.connectionpool - [_make_request]: https://gql.twitch.tv:443 "POST /gql HTTP/1.1" 200 829
14/09/24 00:40:20 - DEBUG - TwitchChannelPointsMiner.classes.Twitch - [post_gql_request]: Data: {'operationName': 'ChannelPointsContext', 'extensions': {'persistedQuery': {'version': 1, 'sha256Hash': '1530a003a7d374b0380b79db0be0534f30ff46e61cffa2bc0e2468a909fbc024'}}, 'variables': {'channelLogin': 'tododia1sso'}}, Status code: 200, Content: {"data":{"community":{"id":"951925569","displayName":"tododia1sso","channel":{"id":"951925569","self":{"communityPoints":{"availableClaim":null,"__typename":"CommunityPointsProperties","balance":0,"activeMultipliers":[],"canRedeemRewardsForFree":false,"lastViewedContent":[],"userRedemptions":[]},"__typename":"ChannelSelfEdge"},"__typename":"Channel","communityPointsSettings":{"name":null,"image":null,"__typename":"CommunityPointsChannelSettings","automaticRewards":[],"customRewards":[],"goals":[],"isEnabled":false,"raidPointAmount":250,"emoteVariants":[],"earning":{"id":"Y29wb0NoYW5uZWxFYXJuaW5nU2V0dGluZ3M6OTUxOTI1NTY5","averagePointsPerHour":220,"cheerPoints":350,"claimPoints":50,"followPoints":300,"passiveWatchPoints":10,"raidPoints":250,"subscriptionGiftPoints":500,"watchStreakPoints":[{"points":300,"__typename":"CommunityPointsWatchStreakEarningSettings"},{"points":350,"__typename":"CommunityPointsWatchStreakEarningSettings"},{"points":400,"__typename":"CommunityPointsWatchStreakEarningSettings"},{"points":450,"__typename":"CommunityPointsWatchStreakEarningSettings"}],"multipliers":[{"reasonCode":"SUB_T1","factor":0.2,"__typename":"CommunityPointsMultiplier"},{"reasonCode":"SUB_T2","factor":0.4,"__typename":"CommunityPointsMultiplier"},{"reasonCode":"SUB_T3","factor":1,"__typename":"CommunityPointsMultiplier"}],"__typename":"CommunityPointsChannelEarningSettings"}}},"__typename":"User","self":{"isModerator":false,"__typename":"UserSelfConnection"}},"currentUser":{"id":"1143283594","communityPoints":{"lastViewedContent":[{"contentID":"SINGLE_MESSAGE_BYPASS_SUB_MODE","contentType":"AUTOMATIC_REWARD","lastViewedAt":"2024-09-14T03:39:26.612853606Z","__typename":"CommunityPointsLastViewedContentByTypeAndID"},{"contentID":"SEND_HIGHLIGHTED_MESSAGE","contentType":"AUTOMATIC_REWARD","lastViewedAt":"2024-09-14T03:39:26.612853606Z","__typename":"CommunityPointsLastViewedContentByTypeAndID"},{"contentID":"RANDOM_SUB_EMOTE_UNLOCK","contentType":"AUTOMATIC_REWARD","lastViewedAt":"2024-09-14T03:39:26.612853606Z","__typename":"CommunityPointsLastViewedContentByTypeAndID"},{"contentID":"CHOSEN_SUB_EMOTE_UNLOCK","contentType":"AUTOMATIC_REWARD","lastViewedAt":"2024-09-14T03:39:26.612853606Z","__typename":"CommunityPointsLastViewedContentByTypeAndID"},{"contentID":"CHOSEN_MODIFIED_SUB_EMOTE_UNLOCK","contentType":"AUTOMATIC_REWARD","lastViewedAt":"2024-09-14T03:39:26.612853606Z","__typename":"CommunityPointsLastViewedContentByTypeAndID"},{"contentID":"SEND_ANIMATED_MESSAGE","contentType":"AUTOMATIC_REWARD","lastViewedAt":"2024-09-14T03:39:26.612853606Z","__typename":"CommunityPointsLastViewedContentByTypeAndID"},{"contentID":"SEND_GIGANTIFIED_EMOTE","contentType":"AUTOMATIC_REWARD","lastViewedAt":"2024-09-14T03:39:26.612853606Z","__typename":"CommunityPointsLastViewedContentByTypeAndID"},{"contentID":"CELEBRATION","contentType":"AUTOMATIC_REWARD","lastViewedAt":"2024-09-14T03:39:26.612853606Z","__typename":"CommunityPointsLastViewedContentByTypeAndID"}],"__typename":"CommunityPointsUserProperties"},"__typename":"User"}},"extensions":{"durationMilliseconds":49,"operationName":"ChannelPointsContext","requestID":"01J7Q9W2SH0RJSCQGPAW8R95GY"}}
14/09/24 00:40:20 - DEBUG - urllib3.connectionpool - [_new_conn]: Starting new HTTPS connection (1): www.twitch.tv:443
14/09/24 00:40:20 - DEBUG - urllib3.connectionpool - [_make_request]: https://www.twitch.tv:443 "GET /tododia1sso HTTP/1.1" 200 None
14/09/24 00:40:20 - DEBUG - urllib3.connectionpool - [_new_conn]: Starting new HTTPS connection (1): assets.twitch.tv:443
14/09/24 00:40:20 - DEBUG - urllib3.connectionpool - [_make_request]: https://assets.twitch.tv:443 "GET /config/settings.5222bf86bb331a6b5295443f7c81133d.js HTTP/1.1" 200 None
14/09/24 00:40:20 - DEBUG - urllib3.connectionpool - [_new_conn]: Starting new HTTPS connection (1): www.twitch.tv:443
14/09/24 00:40:20 - DEBUG - urllib3.connectionpool - [_make_request]: https://www.twitch.tv:443 "GET / HTTP/1.1" 200 None
14/09/24 00:40:20 - DEBUG - TwitchChannelPointsMiner.classes.Twitch - [update_client_version]: Client version: 8a08974d-076e-4d2e-9031-34ef2bb2e551
14/09/24 00:40:20 - DEBUG - urllib3.connectionpool - [_new_conn]: Starting new HTTPS connection (1): gql.twitch.tv:443
14/09/24 00:40:20 - DEBUG - urllib3.connectionpool - [_make_request]: https://gql.twitch.tv:443 "POST /gql HTTP/1.1" 200 300
14/09/24 00:40:20 - DEBUG - TwitchChannelPointsMiner.classes.Twitch - [post_gql_request]: Data: {'operationName': 'VideoPlayerStreamInfoOverlayChannel', 'extensions': {'persistedQuery': {'version': 1, 'sha256Hash': 'a5f2e34d626a9f4f5c0204f910bab2194948a9502089be558bb6e779a9e1b3d2'}}, 'variables': {'channel': 'tododia1sso'}}, Status code: 200, Content: {"data":{"user":{"id":"951925569","profileURL":"https://www.twitch.tv/tododia1sso","displayName":"tododia1sso","login":"tododia1sso","profileImageURL":"https://static-cdn.jtvnw.net/jtv_user_pictures/f42c4923-8791-4334-9215-2d71c097282c-profile_image-150x150.png","broadcastSettings":{"id":"951925569","title":"Teste","game":null,"__typename":"BroadcastSettings"},"stream":null,"__typename":"User"}},"extensions":{"durationMilliseconds":59,"operationName":"VideoPlayerStreamInfoOverlayChannel","requestID":"01J7Q9W36PEPHQF17NCFFKF097"}}
14/09/24 00:40:20 - INFO - TwitchChannelPointsMiner.classes.entities.Streamer - [set_offline]: Streamer(username=tododia1sso, channel_id=951925569, channel_points=0) is Offline!
14/09/24 00:40:20 - DEBUG - urllib3.connectionpool - [_new_conn]: Starting new HTTPS connection (1): www.twitch.tv:443
14/09/24 00:40:20 - DEBUG - urllib3.connectionpool - [_make_request]: https://www.twitch.tv:443 "GET / HTTP/1.1" 200 None
14/09/24 00:40:20 - DEBUG - TwitchChannelPointsMiner.classes.Twitch - [update_client_version]: Client version: 8a08974d-076e-4d2e-9031-34ef2bb2e551
14/09/24 00:40:20 - DEBUG - urllib3.connectionpool - [_new_conn]: Starting new HTTPS connection (1): gql.twitch.tv:443
14/09/24 00:40:20 - DEBUG - urllib3.connectionpool - [_make_request]: https://gql.twitch.tv:443 "POST /gql HTTP/1.1" 200 190
14/09/24 00:40:20 - DEBUG - TwitchChannelPointsMiner.classes.Twitch - [post_gql_request]: Data: {'operationName': 'Inventory', 'variables': {'fetchRewardCampaigns': True}, 'extensions': {'persistedQuery': {'version': 1, 'sha256Hash': '37fea486d6179047c41d0f549088a4c3a7dd60c05c70956a1490262f532dccd9'}}}, Status code: 200, Content: {"data":{"currentUser":{"id":"1143283594","inventory":{"dropCampaignsInProgress":null,"gameEventDrops":[],"completedRewardCampaigns":[],"__typename":"Inventory"},"__typename":"User"}},"extensions":{"durationMilliseconds":41,"operationName":"Inventory","requestID":"01J7Q9W3H7Q1YY9TQZ76ZM5DV2"}}
14/09/24 00:40:20 - DEBUG - urllib3.connectionpool - [_new_conn]: Starting new HTTPS connection (1): www.twitch.tv:443
14/09/24 00:40:20 - DEBUG - urllib3.connectionpool - [_make_request]: https://www.twitch.tv:443 "GET / HTTP/1.1" 200 None
14/09/24 00:40:20 - DEBUG - TwitchChannelPointsMiner.classes.Twitch - [update_client_version]: Client version: 8a08974d-076e-4d2e-9031-34ef2bb2e551
14/09/24 00:40:20 - DEBUG - urllib3.connectionpool - [_new_conn]: Starting new HTTPS connection (1): gql.twitch.tv:443
14/09/24 00:40:21 - DEBUG - urllib3.connectionpool - [_make_request]: https://gql.twitch.tv:443 "POST /gql HTTP/1.1" 200 1051
14/09/24 00:40:21 - DEBUG - TwitchChannelPointsMiner.classes.Twitch - [post_gql_request]: Data: {'operationName': 'ViewerDropsDashboard', 'variables': {'fetchRewardCampaigns': True}, 'extensions': {'persistedQuery': {'version': 1, 'sha256Hash': '8d5d9b5e3f088f9d1ff39eb2caab11f7a4cf7a3353da9ce82b5778226ff37268'}}}, Status code: 200, Content: {"data":{"currentUser":{"id":"1143283594","login":"janglefies","dropCampaigns":null,"__typename":"User"},"rewardCampaignsAvailableToUser":[{"id":"6d9221b4-60b5-11ef-b6e0-129998c9c6d8","name":"World of Warcraft War Within Launch","brand":"World of Warcraft","startsAt":"2024-08-26T22:00:00Z","endsAt":"2024-09-26T06:59:59Z","status":"UNKNOWN","summary":"Get a redeemable code for the Watcher of the Huntress Pet in World of Warcraft for gifting or purchasing 2 subscriptions of any tier to any live and participating channel.","instructions":"","externalURL":"https://battle.net/support/en/article/11263","image":{"image1xURL":"https://static-cdn.jtvnw.net/twitch-quests-assets/CAMPAIGN/quests_wow_war_within_q3_2024/Twitch_Logo_150x200.png","__typename":"RewardCampaignImageSet"},"rewards":[{"id":"6d75e7ce-60b5-11ef-b6e0-129998c9c6d8","name":"Watcher of the Huntress Pet","bannerImage":{"image1xURL":"https://static-cdn.jtvnw.net/twitch-quests-assets/CAMPAIGN/quests_wow_war_within_q3_2024/Watcher_100x100.png","__typename":"RewardCampaignImageSet"},"thumbnailImage":{"image1xURL":"https://static-cdn.jtvnw.net/twitch-quests-assets/CAMPAIGN/quests_wow_war_within_q3_2024/Watcher_100x100.png","__typename":"RewardCampaignImageSet"},"earnableUntil":"2024-09-26T06:59:59Z","redemptionInstructions":"","__typename":"Reward"}],"__typename":"RewardCampaign"},{"id":"18f1c298-6170-11ef-bf7c-129998c9c6d8","name":"Street Fighter 6 Support a Streamer Campaign","brand":"Capcom","startsAt":"2024-09-02T16:00:00Z","endsAt":"2024-10-01T06:59:59Z","status":"UNKNOWN","summary":"Support a Streamer, get rewarded! Get Cammy’s EX 01 color for her Outfit 2 by Gifting or Purchasing a new sub to any participating streamer while they're live in Street Fighter 6!","instructions":"","externalURL":"https://news.capcomusa.com/2024/08/29/how-to-get-cammys-ex-01-color-for-her-outfit-2-on-twitch/","image":{"image1xURL":"https://static-cdn.jtvnw.net/twitch-quests-assets/CAMPAIGN/quests_street_fighter_6_q3_2024/campaign.png","__typename":"RewardCampaignImageSet"},"rewards":[{"id":"18d8cb4e-6170-11ef-bf7c-129998c9c6d8","name":"Cammy’s EX 01 color for her Outfit 2","bannerImage":{"image1xURL":"https://static-cdn.jtvnw.net/twitch-quests-assets/CAMPAIGN/quests_street_fighter_6_q3_2024/reward.png","__typename":"RewardCampaignImageSet"},"thumbnailImage":{"image1xURL":"https://static-cdn.jtvnw.net/twitch-quests-assets/CAMPAIGN/quests_street_fighter_6_q3_2024/reward.png","__typename":"RewardCampaignImageSet"},"earnableUntil":"2024-10-01T06:59:59Z","redemptionInstructions":"","__typename":"Reward"}],"__typename":"RewardCampaign"},{"id":"fb5fb00c-60dc-11ef-a7b0-129998c9c6d8","name":"Quidditch Champions Support a Streamer Campaign","brand":"Warner Bros.","startsAt":"2024-09-03T16:00:00Z","endsAt":"2024-10-01T06:59:59Z","status":"UNKNOWN","summary":"Support a Streamer, get rewarded! Get the Quidditch Champions Launch Bundle by Gifting or Purchasing a new sub to any participating streamer while they're live in Harry Potter: Quidditch Champions!","instructions":"","externalURL":"https://portkeygamessupport.wbgames.com/hc/en-us/articles/32744648694291","image":{"image1xURL":"https://static-cdn.jtvnw.net/twitch-quests-assets/CAMPAIGN/quests_quidditch_champions_q3_2024/campaign.png","__typename":"RewardCampaignImageSet"},"rewards":[{"id":"fb441022-60dc-11ef-a7b0-129998c9c6d8","name":"Harry Potter: Quidditch Champions Launch Bundle","bannerImage":{"image1xURL":"https://static-cdn.jtvnw.net/twitch-quests-assets/CAMPAIGN/quests_quidditch_champions_q3_2024/reward.png","__typename":"RewardCampaignImageSet"},"thumbnailImage":{"image1xURL":"https://static-cdn.jtvnw.net/twitch-quests-assets/CAMPAIGN/quests_quidditch_champions_q3_2024/reward.png","__typename":"RewardCampaignImageSet"},"earnableUntil":"2024-10-01T06:59:59Z","redemptionInstructions":"","__typename":"Reward"}],"__typename":"RewardCampaign"}]},"extensions":{"durationMilliseconds":102,"operationName":"ViewerDropsDashboard","requestID":"01J7Q9W3VGZNPD4NS3HHD0VFRJ"}}
14/09/24 00:40:21 - DEBUG - urllib3.connectionpool - [_new_conn]: Starting new HTTPS connection (1): www.twitch.tv:443
14/09/24 00:40:21 - DEBUG - urllib3.connectionpool - [_make_request]: https://www.twitch.tv:443 "GET / HTTP/1.1" 200 None
14/09/24 00:40:21 - DEBUG - TwitchChannelPointsMiner.classes.Twitch - [update_client_version]: Client version: 8a08974d-076e-4d2e-9031-34ef2bb2e551
14/09/24 00:40:21 - DEBUG - urllib3.connectionpool - [_new_conn]: Starting new HTTPS connection (1): gql.twitch.tv:443
14/09/24 00:40:21 - DEBUG - urllib3.connectionpool - [_make_request]: https://gql.twitch.tv:443 "POST /gql HTTP/1.1" 200 191
14/09/24 00:40:21 - DEBUG - TwitchChannelPointsMiner.classes.Twitch - [post_gql_request]: Data: {'operationName': 'Inventory', 'variables': {'fetchRewardCampaigns': True}, 'extensions': {'persistedQuery': {'version': 1, 'sha256Hash': '37fea486d6179047c41d0f549088a4c3a7dd60c05c70956a1490262f532dccd9'}}}, Status code: 200, Content: {"data":{"currentUser":{"id":"1143283594","inventory":{"dropCampaignsInProgress":null,"gameEventDrops":[],"completedRewardCampaigns":[],"__typename":"Inventory"},"__typename":"User"}},"extensions":{"durationMilliseconds":40,"operationName":"Inventory","requestID":"01J7Q9W47SM6FS3B9Z2466DJRN"}}
